<?xml version="1.0" encoding="UTF-8"?>
<!-- Generated by org.testng.reporters.JUnitReportReporter -->
<testsuite hostname="DESKTOP-9FN51LS" failures="0" tests="1" name="testScripts.Tc_02_Test" time="75.335" errors="0" timestamp="2023-07-14T16:15:58 IST" skipped="0">
  <testcase classname="testScripts.Tc_02_Test" name="createOrganizationWithTypeAndIndustry" time="75.335"/>
  <system-out/>
</testsuite> <!-- testScripts.Tc_02_Test -->
